Using pre-set license
Built from '2020.3/staging' branch; Version is '2020.3.18f1 (a7d1c678663c) revision 10998214'; Using compiler version '192528614'; Build Type 'Release'
OS: 'Windows 10 Home; OS build 19044.2486; Version 2009; 64bit' Language: 'en' Physical Memory: 16294 MB
BatchMode: 1, IsHumanControllingUs: 0, StartBugReporterOnCrash: 0, Is64bit: 1, IsPro: 0

COMMAND LINE ARGUMENTS:
C:\Users\Nanab\Desktop\2020.3.18f1\Editor\Unity.exe
-adb2
-batchMode
-noUpm
-name
AssetImportWorker0
-projectPath
D:/Ontario Tech University/Programming for Games II/Programming with Unity/My project
-logFile
Logs/AssetImportWorker0.log
-srvPort
57408
Successfully changed project path to: D:/Ontario Tech University/Programming for Games II/Programming with Unity/My project
D:/Ontario Tech University/Programming for Games II/Programming with Unity/My project
Using Asset Import Pipeline V2.
Refreshing native plugins compatible for Editor in 85.26 ms, found 2 plugins.
Preloading 0 native plugins for Editor in 0.00 ms.
Initialize engine version: 2020.3.18f1 (a7d1c678663c)
[Subsystems] Discovering subsystems at path C:/Users/Nanab/Desktop/2020.3.18f1/Editor/Data/Resources/UnitySubsystems
[Subsystems] Discovering subsystems at path D:/Ontario Tech University/Programming for Games II/Programming with Unity/My project/Assets
GfxDevice: creating device client; threaded=0
Direct3D:
    Version:  Direct3D 11.0 [level 11.1]
    Renderer: NVIDIA GeForce GTX 1660 Ti (ID=0x2191)
    Vendor:   
    VRAM:     5991 MB
    Driver:   27.21.14.5749
Initialize mono
Mono path[0] = 'C:/Users/Nanab/Desktop/2020.3.18f1/Editor/Data/Managed'
Mono path[1] = 'C:/Users/Nanab/Desktop/2020.3.18f1/Editor/Data/MonoBleedingEdge/lib/mono/unityjit'
Mono config path = 'C:/Users/Nanab/Desktop/2020.3.18f1/Editor/Data/MonoBleedingEdge/etc'
Using monoOptions --debugger-agent=transport=dt_socket,embedding=1,server=y,suspend=n,address=127.0.0.1:56436
Begin MonoManager ReloadAssembly
Registering precompiled unity dll's ...
Register platform support module: C:/Users/Nanab/Desktop/2020.3.18f1/Editor/Data/PlaybackEngines/WindowsStandaloneSupport/UnityEditor.WindowsStandalone.Extensions.dll
Registered in 0.007205 seconds.
Native extension for WindowsStandalone target not found
Refreshing native plugins compatible for Editor in 67.88 ms, found 2 plugins.
Preloading 0 native plugins for Editor in 0.00 ms.
Mono: successfully reloaded assembly
- Completed reload, in  5.169 seconds
Domain Reload Profiling:
	ReloadAssembly (5170ms)
		BeginReloadAssembly (143ms)
			ExecutionOrderSort (0ms)
			DisableScriptedObjects (0ms)
			BackupInstance (0ms)
			ReleaseScriptingObjects (0ms)
			CreateAndSetChildDomain (2ms)
		EndReloadAssembly (1230ms)
			LoadAssemblies (137ms)
			RebuildTransferFunctionScriptingTraits (0ms)
			SetupTypeCache (372ms)
			ReleaseScriptCaches (0ms)
			RebuildScriptCaches (96ms)
			SetupLoadedEditorAssemblies (535ms)
				LogAssemblyErrors (0ms)
				InitializePlatformSupportModulesInManaged (9ms)
				SetLoadedEditorAssemblies (1ms)
				RefreshPlugins (68ms)
				BeforeProcessingInitializeOnLoad (50ms)
				ProcessInitializeOnLoadAttributes (220ms)
				ProcessInitializeOnLoadMethodAttributes (186ms)
				AfterProcessingInitializeOnLoad (0ms)
				EditorAssembliesLoaded (1ms)
			ExecutionOrderSort2 (0ms)
			AwakeInstancesAfterBackupRestoration (0ms)
Platform modules already initialized, skipping
Registering precompiled user dll's ...
Registered in 0.006056 seconds.
Begin MonoManager ReloadAssembly
Native extension for WindowsStandalone target not found
Refreshing native plugins compatible for Editor in 0.56 ms, found 2 plugins.
Preloading 0 native plugins for Editor in 0.00 ms.
Mono: successfully reloaded assembly
- Completed reload, in  2.706 seconds
Domain Reload Profiling:
	ReloadAssembly (2708ms)
		BeginReloadAssembly (375ms)
			ExecutionOrderSort (0ms)
			DisableScriptedObjects (14ms)
			BackupInstance (0ms)
			ReleaseScriptingObjects (0ms)
			CreateAndSetChildDomain (40ms)
		EndReloadAssembly (2204ms)
			LoadAssemblies (199ms)
			RebuildTransferFunctionScriptingTraits (0ms)
			SetupTypeCache (686ms)
			ReleaseScriptCaches (1ms)
			RebuildScriptCaches (165ms)
			SetupLoadedEditorAssemblies (840ms)
				LogAssemblyErrors (0ms)
				InitializePlatformSupportModulesInManaged (14ms)
				SetLoadedEditorAssemblies (1ms)
				RefreshPlugins (1ms)
				BeforeProcessingInitializeOnLoad (213ms)
				ProcessInitializeOnLoadAttributes (583ms)
				ProcessInitializeOnLoadMethodAttributes (11ms)
				AfterProcessingInitializeOnLoad (16ms)
				EditorAssembliesLoaded (1ms)
			ExecutionOrderSort2 (0ms)
			AwakeInstancesAfterBackupRestoration (22ms)
Platform modules already initialized, skipping
========================================================================
Worker process is ready to serve import requests
Launched and connected shader compiler UnityShaderCompiler.exe after 0.19 seconds
Refreshing native plugins compatible for Editor in 0.34 ms, found 2 plugins.
Preloading 0 native plugins for Editor in 0.00 ms.
Unloading 1397 Unused Serialized files (Serialized files now loaded: 0)
System memory in use before: 65.3 MB.
System memory in use after: 65.4 MB.

Unloading 16 unused Assets to reduce memory usage. Loaded Objects now: 1832.
Total: 3.885000 ms (FindLiveObjects: 0.170900 ms CreateObjectMapping: 0.053000 ms MarkObjects: 3.582600 ms  DeleteObjects: 0.077300 ms)

AssetImportParameters requested are different than current active one (requested -> active):
  custom:framework-win-MediaFoundation: 216162199b28c13a410421893ffa2e32 -> 
  custom:video-decoder-ogg-theora: a1e56fd34408186e4bbccfd4996cb3dc -> 
  custom:container-muxer-webm: aa71ff27fc2769a1b78a27578f13a17b -> 
  custom:container-demuxer-webm: 4f35f7cbe854078d1ac9338744f61a02 -> 
  custom:container-demuxer-ogg: 62fdf1f143b41e24485cea50d1cbac27 -> 
  custom:video-encoder-webm-vp8: eb34c28f22e8b96e1ab97ce403110664 -> 
  custom:video-codec-MediaFoundation-h265: 746d11721c4dcdbdad8f713fa42b33f4 -> 
  custom:video-decoder-webm-vp8: 9c59270c3fd7afecdb556c50c9e8de78 -> 
  custom:audio-decoder-ogg-vorbis: bf7c407c2cedff20999df2af8eb42d56 -> 
  custom:audio-encoder-webm-vorbis: bf7c407c2cedff20999df2af8eb42d56 -> 
========================================================================
Received Import Request.
  path: Assets/Crab.fbx
  artifactKey: Guid(03e0bf35480cec748a7c451263b427d5) Importer(815301076,1909f56bfc062723c751e8b465ee728b)
Start importing Assets/Crab.fbx using Guid(03e0bf35480cec748a7c451263b427d5) Importer(815301076,1909f56bfc062723c751e8b465ee728b)  -> (artifact id: 'bcbaa16257db21e49da83c1f9822d519') in 0.587323 seconds 
  Import took 0.593007 seconds .

========================================================================
Received Import Request.
  Time since last request: 563.994931 seconds.
  path: Assets/Script/enemyController.cs
  artifactKey: Guid(5cdf053daafcf0b46b76bf2238ca9cff) Importer(815301076,1909f56bfc062723c751e8b465ee728b)
Start importing Assets/Script/enemyController.cs using Guid(5cdf053daafcf0b46b76bf2238ca9cff) Importer(815301076,1909f56bfc062723c751e8b465ee728b)  -> (artifact id: 'b3a70548f8ecf0624f15b6f237d449dc') in 0.019440 seconds 
  Import took 0.029913 seconds .

========================================================================
Received Import Request.
  Time since last request: 0.005366 seconds.
  path: Assets/Script/enemyController.cs
  artifactKey: Guid(5cdf053daafcf0b46b76bf2238ca9cff) Importer(815301076,1909f56bfc062723c751e8b465ee728b)
Start importing Assets/Script/enemyController.cs using Guid(5cdf053daafcf0b46b76bf2238ca9cff) Importer(815301076,1909f56bfc062723c751e8b465ee728b)  -> (artifact id: 'b3a70548f8ecf0624f15b6f237d449dc') in 0.004670 seconds 
  Import took 0.010106 seconds .

========================================================================
Received Import Request.
  Time since last request: 8.156559 seconds.
  path: Assets/Script/playerController.cs
  artifactKey: Guid(c806d54044aea794aafdaef9380e0553) Importer(815301076,1909f56bfc062723c751e8b465ee728b)
Start importing Assets/Script/playerController.cs using Guid(c806d54044aea794aafdaef9380e0553) Importer(815301076,1909f56bfc062723c751e8b465ee728b)  -> (artifact id: '3debdc5864fa871504b4c02296750445') in 0.011316 seconds 
  Import took 0.028097 seconds .

========================================================================
Received Import Request.
  Time since last request: 0.003707 seconds.
  path: Assets/Script/playerController.cs
  artifactKey: Guid(c806d54044aea794aafdaef9380e0553) Importer(815301076,1909f56bfc062723c751e8b465ee728b)
Start importing Assets/Script/playerController.cs using Guid(c806d54044aea794aafdaef9380e0553) Importer(815301076,1909f56bfc062723c751e8b465ee728b)  -> (artifact id: '3debdc5864fa871504b4c02296750445') in 0.004857 seconds 
  Import took 0.008696 seconds .

========================================================================
Received Prepare
Registering precompiled user dll's ...
Registered in 0.118743 seconds.
Begin MonoManager ReloadAssembly
Native extension for WindowsStandalone target not found
Refreshing native plugins compatible for Editor in 0.91 ms, found 2 plugins.
Preloading 0 native plugins for Editor in 0.00 ms.
Mono: successfully reloaded assembly
- Completed reload, in  3.157 seconds
Domain Reload Profiling:
	ReloadAssembly (3158ms)
		BeginReloadAssembly (271ms)
			ExecutionOrderSort (0ms)
			DisableScriptedObjects (11ms)
			BackupInstance (0ms)
			ReleaseScriptingObjects (0ms)
			CreateAndSetChildDomain (76ms)
		EndReloadAssembly (2723ms)
			LoadAssemblies (222ms)
			RebuildTransferFunctionScriptingTraits (0ms)
			SetupTypeCache (656ms)
			ReleaseScriptCaches (2ms)
			RebuildScriptCaches (138ms)
			SetupLoadedEditorAssemblies (1355ms)
				LogAssemblyErrors (0ms)
				InitializePlatformSupportModulesInManaged (20ms)
				SetLoadedEditorAssemblies (2ms)
				RefreshPlugins (1ms)
				BeforeProcessingInitializeOnLoad (241ms)
				ProcessInitializeOnLoadAttributes (1056ms)
				ProcessInitializeOnLoadMethodAttributes (15ms)
				AfterProcessingInitializeOnLoad (19ms)
				EditorAssembliesLoaded (1ms)
			ExecutionOrderSort2 (0ms)
			AwakeInstancesAfterBackupRestoration (17ms)
Platform modules already initialized, skipping
Refreshing native plugins compatible for Editor in 0.61 ms, found 2 plugins.
Preloading 0 native plugins for Editor in 0.00 ms.
Unloading 1393 Unused Serialized files (Serialized files now loaded: 0)
System memory in use before: 82.2 MB.
System memory in use after: 82.3 MB.

Unloading 11 unused Assets to reduce memory usage. Loaded Objects now: 1880.
Total: 21.746100 ms (FindLiveObjects: 0.241900 ms CreateObjectMapping: 0.086800 ms MarkObjects: 21.373700 ms  DeleteObjects: 0.040600 ms)

AssetImportParameters requested are different than current active one (requested -> active):
  custom:framework-win-MediaFoundation: 216162199b28c13a410421893ffa2e32 -> 
  custom:video-decoder-ogg-theora: a1e56fd34408186e4bbccfd4996cb3dc -> 
  custom:container-muxer-webm: aa71ff27fc2769a1b78a27578f13a17b -> 
  custom:container-demuxer-webm: 4f35f7cbe854078d1ac9338744f61a02 -> 
  custom:container-demuxer-ogg: 62fdf1f143b41e24485cea50d1cbac27 -> 
  custom:video-encoder-webm-vp8: eb34c28f22e8b96e1ab97ce403110664 -> 
  custom:video-codec-MediaFoundation-h265: 746d11721c4dcdbdad8f713fa42b33f4 -> 
  custom:video-decoder-webm-vp8: 9c59270c3fd7afecdb556c50c9e8de78 -> 
  custom:audio-decoder-ogg-vorbis: bf7c407c2cedff20999df2af8eb42d56 -> 
  custom:audio-encoder-webm-vorbis: bf7c407c2cedff20999df2af8eb42d56 -> 
AssetImportWorkerClient::OnTransportError - code=2 error=End of file
